[WARN ] 2017-07-30 15:55:39,775(520) --> [http-nio-8080-exec-2] net.sf.json.JSONObject.toBean(JSONObject.java:431): Tried to assign property requestMonitorIdentify:java.lang.Integer to bean of class org.roger.model.CisScreenPlayingBasicRequest  
[WARN ] 2017-07-30 15:55:39,777(522) --> [http-nio-8080-exec-2] net.sf.json.JSONObject.toBean(JSONObject.java:431): Tried to assign property sectionIdentify:java.lang.Integer to bean of class org.roger.model.CisScreenPlayingBasicRequest  
[WARN ] 2017-07-30 15:55:39,778(523) --> [http-nio-8080-exec-2] net.sf.json.JSONObject.toBean(JSONObject.java:431): Tried to assign property startFrameIdentify:java.lang.Integer to bean of class org.roger.model.CisScreenPlayingBasicRequest  
[WARN ] 2017-07-30 15:55:39,779(524) --> [http-nio-8080-exec-2] net.sf.json.JSONObject.toBean(JSONObject.java:431): Tried to assign property framesCount:java.lang.Integer to bean of class org.roger.model.CisScreenPlayingBasicRequest  
[INFO ] 2017-07-30 15:55:39,781(526) --> [http-nio-8080-exec-2] org.roger.socket.SocketServer.onMessage(SocketServer.java:133): [***into FrameRequest***]  
[INFO ] 2017-07-30 15:55:39,782(527) --> [http-nio-8080-exec-2] org.roger.socket.SocketServer.SimulateFrameResponse(SocketServer.java:327): [***SimulateFrameResponse start***]  
[INFO ] 2017-07-30 15:55:39,782(527) --> [http-nio-8080-exec-2] org.roger.socket.SocketServer.SimulateFrameResponse(SocketServer.java:339): [***needFramesCount:60;SectionIdentify:0;RequestMonitorIdentify:0 ***]  
[INFO ] 2017-07-30 15:55:39,793(538) --> [http-nio-8080-exec-2] org.roger.socket.SocketServer.SimulateFrameResponse(SocketServer.java:349): [***SimulateFrameResponse end***]  
[INFO ] 2017-07-30 15:55:55,527(16272) --> [http-nio-8080-exec-10] org.roger.socket.SocketServer.onClose(SocketServer.java:107): 客户端连接关闭...  
[INFO ] 2017-07-30 15:56:01,124(21869) --> [http-nio-8080-exec-5] org.roger.socket.SocketServer.onOpen(SocketServer.java:64): websocket连接成功...  
[INFO ] 2017-07-30 15:56:01,124(21869) --> [http-nio-8080-exec-5] org.roger.socket.SocketServer.onOpen(SocketServer.java:72): /Library/Tomcat/webapps/Websocket/WEB-INF/classes/org/roger/socket/  
[INFO ] 2017-07-30 15:56:01,185(21930) --> [http-nio-8080-exec-3] org.roger.socket.SocketServer.onMessage(SocketServer.java:120): [***onMessage***]{"framesInvokeNumber":2,"requestMonitorIdentify":0,"sectionIdentify":0,"startFrameIdentify":0,"framesCount":60}  
[WARN ] 2017-07-30 15:56:01,186(21931) --> [http-nio-8080-exec-3] net.sf.json.JSONObject.toBean(JSONObject.java:431): Tried to assign property framesInvokeNumber:java.lang.Integer to bean of class org.roger.model.CisScreenPlayingBasicRequest  
[WARN ] 2017-07-30 15:56:01,186(21931) --> [http-nio-8080-exec-3] net.sf.json.JSONObject.toBean(JSONObject.java:431): Tried to assign property requestMonitorIdentify:java.lang.Integer to bean of class org.roger.model.CisScreenPlayingBasicRequest  
[WARN ] 2017-07-30 15:56:01,187(21932) --> [http-nio-8080-exec-3] net.sf.json.JSONObject.toBean(JSONObject.java:431): Tried to assign property sectionIdentify:java.lang.Integer to bean of class org.roger.model.CisScreenPlayingBasicRequest  
[WARN ] 2017-07-30 15:56:01,187(21932) --> [http-nio-8080-exec-3] net.sf.json.JSONObject.toBean(JSONObject.java:431): Tried to assign property startFrameIdentify:java.lang.Integer to bean of class org.roger.model.CisScreenPlayingBasicRequest  
[WARN ] 2017-07-30 15:56:01,188(21933) --> [http-nio-8080-exec-3] net.sf.json.JSONObject.toBean(JSONObject.java:431): Tried to assign property framesCount:java.lang.Integer to bean of class org.roger.model.CisScreenPlayingBasicRequest  
[INFO ] 2017-07-30 15:56:01,188(21933) --> [http-nio-8080-exec-3] org.roger.socket.SocketServer.onMessage(SocketServer.java:133): [***into FrameRequest***]  
[INFO ] 2017-07-30 15:56:01,189(21934) --> [http-nio-8080-exec-3] org.roger.socket.SocketServer.SimulateFrameResponse(SocketServer.java:327): [***SimulateFrameResponse start***]  
[INFO ] 2017-07-30 15:56:01,189(21934) --> [http-nio-8080-exec-3] org.roger.socket.SocketServer.SimulateFrameResponse(SocketServer.java:339): [***needFramesCount:60;SectionIdentify:0;RequestMonitorIdentify:0 ***]  
[INFO ] 2017-07-30 15:56:01,193(21938) --> [http-nio-8080-exec-3] org.roger.socket.SocketServer.SimulateFrameResponse(SocketServer.java:349): [***SimulateFrameResponse end***]  
[INFO ] 2017-07-30 15:56:07,789(28534) --> [http-nio-8080-exec-2] org.roger.socket.SocketServer.onClose(SocketServer.java:107): 客户端连接关闭...  
[INFO ] 2017-07-30 15:56:08,689(29434) --> [http-nio-8080-exec-10] org.roger.socket.SocketServer.onOpen(SocketServer.java:64): websocket连接成功...  
[INFO ] 2017-07-30 15:56:08,689(29434) --> [http-nio-8080-exec-10] org.roger.socket.SocketServer.onOpen(SocketServer.java:72): /Library/Tomcat/webapps/Websocket/WEB-INF/classes/org/roger/socket/  
[INFO ] 2017-07-30 15:56:08,754(29499) --> [http-nio-8080-exec-7] org.roger.socket.SocketServer.onMessage(SocketServer.java:120): [***onMessage***]{"framesInvokeNumber":2,"requestMonitorIdentify":-1,"sectionIdentify":0,"startFrameIdentify":0,"framesCount":60}  
[WARN ] 2017-07-30 15:56:08,756(29501) --> [http-nio-8080-exec-7] net.sf.json.JSONObject.toBean(JSONObject.java:431): Tried to assign property framesInvokeNumber:java.lang.Integer to bean of class org.roger.model.CisScreenPlayingBasicRequest  
[WARN ] 2017-07-30 15:56:08,756(29501) --> [http-nio-8080-exec-7] net.sf.json.JSONObject.toBean(JSONObject.java:431): Tried to assign property requestMonitorIdentify:java.lang.Integer to bean of class org.roger.model.CisScreenPlayingBasicRequest  
[WARN ] 2017-07-30 15:56:08,757(29502) --> [http-nio-8080-exec-7] net.sf.json.JSONObject.toBean(JSONObject.java:431): Tried to assign property sectionIdentify:java.lang.Integer to bean of class org.roger.model.CisScreenPlayingBasicRequest  
[WARN ] 2017-07-30 15:56:08,757(29502) --> [http-nio-8080-exec-7] net.sf.json.JSONObject.toBean(JSONObject.java:431): Tried to assign property startFrameIdentify:java.lang.Integer to bean of class org.roger.model.CisScreenPlayingBasicRequest  
[WARN ] 2017-07-30 15:56:08,757(29502) --> [http-nio-8080-exec-7] net.sf.json.JSONObject.toBean(JSONObject.java:431): Tried to assign property framesCount:java.lang.Integer to bean of class org.roger.model.CisScreenPlayingBasicRequest  
[INFO ] 2017-07-30 15:56:08,758(29503) --> [http-nio-8080-exec-7] org.roger.socket.SocketServer.onMessage(SocketServer.java:133): [***into FrameRequest***]  
[INFO ] 2017-07-30 15:56:08,758(29503) --> [http-nio-8080-exec-7] org.roger.socket.SocketServer.SimulateFrameResponse(SocketServer.java:327): [***SimulateFrameResponse start***]  
[INFO ] 2017-07-30 15:56:08,758(29503) --> [http-nio-8080-exec-7] org.roger.socket.SocketServer.SimulateFrameResponse(SocketServer.java:339): [***needFramesCount:60;SectionIdentify:0;RequestMonitorIdentify:-1 ***]  
[INFO ] 2017-07-30 15:56:08,770(29515) --> [http-nio-8080-exec-7] org.roger.socket.SocketServer.SimulateFrameResponse(SocketServer.java:349): [***SimulateFrameResponse end***]  
[INFO ] 2017-07-30 15:56:13,469(34214) --> [http-nio-8080-exec-6] org.roger.socket.SocketServer.onClose(SocketServer.java:107): 客户端连接关闭...  
